<?xml version="1.0" encoding="UTF-8"?>
<!-- Generated by org.testng.reporters.JUnitReportReporter -->
<testsuite hostname="LAPTOP-GE5A639S" failures="0" tests="1" name="test_classes.ToPlayTheSong" time="11.769" errors="0" timestamp="2021-10-12T23:59:56 IST" skipped="0">
  <testcase classname="test_classes.ToPlayTheSong" name="playTheSong" time="11.769"/>
  <system-out/>
</testsuite> <!-- test_classes.ToPlayTheSong -->
