<?xml version="1.0" encoding="UTF-8"?>
<!-- Generated by org.testng.reporters.JUnitReportReporter -->
<testsuite hostname="LAPTOP-GE5A639S" failures="0" tests="1" name="test_classes.classA" time="0.008" errors="0" timestamp="2021-10-13T23:17:22 IST" skipped="0">
  <testcase classname="test_classes.classA" name="testA" time="0.008"/>
  <system-out/>
</testsuite> <!-- test_classes.classA -->
