<?xml version="1.0" encoding="UTF-8"?>
<!-- Generated by org.testng.reporters.JUnitReportReporter -->
<testsuite hostname="LAPTOP-GE5A639S" failures="0" tests="4" name="test_classes.classB" time="0.012" errors="0" timestamp="2021-10-13T23:17:22 IST" skipped="0">
  <testcase classname="test_classes.classB" name="testB" time="0.003"/>
  <system-out/>
  <testcase classname="test_classes.classB" name="testA" time="0.003"/>
  <system-out/>
  <testcase classname="test_classes.classB" name="testC" time="0.003"/>
  <system-out/>
  <testcase classname="test_classes.classB" name="testD" time="0.003"/>
  <system-out/>
</testsuite> <!-- test_classes.classB -->
